#
# A fatal error has been detected by the Java Runtime Environment:
#
#  SIGSEGV (0xb) at pc=0x00000001148f823c, pid=4078, tid=17411
#
# JRE version: Java(TM) SE Runtime Environment (8.0_65-b17) (build 1.8.0_65-b17)
# Java VM: Java HotSpot(TM) 64-Bit Server VM (25.65-b01 mixed mode bsd-amd64 compressed oops)
# Problematic frame:
# V  [libjvm.dylib+0x4ac23c]
#
# Failed to write core dump. Core dumps have been disabled. To enable core dumping, try "ulimit -c unlimited" before starting Java again
#
# If you would like to submit a bug report, please visit:
#   http://bugreport.java.com/bugreport/crash.jsp
#

---------------  T H R E A D  ---------------

Current thread (0x00007f922984a800):  JavaThread "C2 CompilerThread0" daemon [_thread_in_native, id=17411, stack(0x0000700000bbe000,0x0000700000cbe000)]

siginfo: si_signo: 11 (SIGSEGV), si_code: 1 (SEGV_MAPERR), si_addr: 0x00007f922b800000

Registers:
RAX=0x0000000000068254, RBX=0x00007f922b3985b8, RCX=0x00007f922b4bed60, RDX=0x00007f922a2813b0
RSP=0x0000700000cba340, RBP=0x0000700000cba380, RSI=0x0000000000068254, RDI=0x00007f922b3985b8
R8 =0x0000000000000000, R9 =0x0000000114c74f01, R10=0x00007f922a432001, R11=0x0000000000f9bf58
R12=0x0000000000000001, R13=0x0000000000068255, R14=0x00007f922b24eab8, R15=0x00007f922b4bed08
RIP=0x00000001148f823c, EFLAGS=0x0000000000010287, ERR=0x0000000000000004
  TRAPNO=0x000000000000000e

Top of Stack: (sp=0x0000700000cba340)
0x0000700000cba340:   0000000000008000 00007f922a281388
0x0000700000cba350:   00007f922a2813b0 00007f922b24eab8
0x0000700000cba360:   00007f922a4335a8 0000700000cba938
0x0000700000cba370:   00007f922a9cc158 00007f922a4335b8
0x0000700000cba380:   0000700000cba730 0000000114918ed7
0x0000700000cba390:   00007f9200000003 0000700000cbcf88
0x0000700000cba3a0:   000000012b131710 000000012b3b4c08
0x0000700000cba3b0:   0000700000cba3d0 00007f922a4335b0
0x0000700000cba3c0:   0000002500cba420 0000000000000001
0x0000700000cba3d0:   00007f922a96ddf0 00007f922a96de30
0x0000700000cba3e0:   0000000000000000 000000012b392010
0x0000700000cba3f0:   00007f922b567570 0000000000000000
0x0000700000cba400:   0000000000cbb4f8 000000012b392010
0x0000700000cba410:   0000700000cbb608 0000000000000001
0x0000700000cba420:   ffffffff00000000 00007f922a432010
0x0000700000cba430:   00007f922a430a80 00007f922a42c410
0x0000700000cba440:   0000000100000002 00000001ffffffff
0x0000700000cba450:   0000000100000000 0000000000069588
0x0000700000cba460:   00007f922a9cc160 00007f922a4335a0
0x0000700000cba470:   0000000000001035 00007f922a9cc150
0x0000700000cba480:   0000000100000003 0000000000000000
0x0000700000cba490:   0000000000000008 0000000000000570
0x0000700000cba4a0:   0000700000cbb4f8 00007f922b24eab8
0x0000700000cba4b0:   00007f922b567560 00000001146fc470
0x0000700000cba4c0:   0000700000cba770 000000000000001b
0x0000700000cba4d0:   0000700000cba4f0 00000001146fc5d2
0x0000700000cba4e0:   0000119b00000000 0000700000cba9e8
0x0000700000cba4f0:   000070000000000f 00007f922a424410
0x0000700000cba500:   0000119b00000001 0000700000cba9e8
0x0000700000cba510:   000070000000000f 00007f922a41c410
0x0000700000cba520:   000002b22b392128 0000700000cba9e8
0x0000700000cba530:   00007f922952c580 00007f922952c590 

Instructions: (pc=0x00000001148f823c)
0x00000001148f821c:   89 ff 48 89 da e8 aa e5 c2 ff 41 ff c4 45 3b 6f
0x00000001148f822c:   1c 73 cb 44 89 ee 89 f0 44 8d 6e 01 49 8b 4f 08
0x00000001148f823c:   4c 39 34 c1 75 e7 41 3b 77 18 73 d3 4c 89 ff 48
0x00000001148f824c:   89 da e8 9f ce bb ff eb d1 48 83 c4 18 5b 41 5c 

Register to memory mapping:

RAX=0x0000000000068254 is an unknown value
RBX=0x00007f922b3985b8 is an unknown value
RCX=0x00007f922b4bed60 is an unknown value
RDX=0x00007f922a2813b0 is an unknown value
RSP=0x0000700000cba340 is pointing into the stack for thread: 0x00007f922984a800
RBP=0x0000700000cba380 is pointing into the stack for thread: 0x00007f922984a800
RSI=0x0000000000068254 is an unknown value
RDI=0x00007f922b3985b8 is an unknown value
R8 =0x0000000000000000 is an unknown value
R9 =0x0000000114c74f01: _ZTV12PeriodicTask+0x11 in /Library/Java/JavaVirtualMachines/jdk1.8.0_65.jdk/Contents/Home/jre/lib/server/libjvm.dylib at 0x000000011444c000
R10=0x00007f922a432001 is an unknown value
R11=0x0000000000f9bf58 is an unknown value
R12=0x0000000000000001 is an unknown value
R13=0x0000000000068255 is an unknown value
R14=0x00007f922b24eab8 is an unknown value
R15=0x00007f922b4bed08 is an unknown value


Stack: [0x0000700000bbe000,0x0000700000cbe000],  sp=0x0000700000cba340,  free space=1008k
Native frames: (J=compiled Java code, j=interpreted, Vv=VM code, C=native code)
V  [libjvm.dylib+0x4ac23c]
V  [libjvm.dylib+0x4cced7]
V  [libjvm.dylib+0x160861]
V  [libjvm.dylib+0x1ae1c0]
V  [libjvm.dylib+0x1b2014]
V  [libjvm.dylib+0x14fc9e]
V  [libjvm.dylib+0x1b55fa]
V  [libjvm.dylib+0x1b7b41]
V  [libjvm.dylib+0x5612d3]
V  [libjvm.dylib+0x5629ce]
V  [libjvm.dylib+0x48342e]
C  [libsystem_pthread.dylib+0x399d]  _pthread_body+0x83
C  [libsystem_pthread.dylib+0x391a]  _pthread_body+0x0
C  [libsystem_pthread.dylib+0x1351]  thread_start+0xd
C  0x0000000000000000


Current CompileTask:
C2:   6493 1025       4       com.android.dx.ssa.SsaBasicBlock::forEachInsn (37 bytes)


---------------  P R O C E S S  ---------------

Java Threads: ( => current thread )
  0x00007f922a837800 JavaThread "pool-2-thread-4" [_thread_in_Java, id=22019, stack(0x00007000014d9000,0x00007000015d9000)]
  0x00007f922a837000 JavaThread "pool-2-thread-3" [_thread_blocked, id=21507, stack(0x00007000013d6000,0x00007000014d6000)]
  0x00007f92298e2000 JavaThread "pool-2-thread-2" [_thread_blocked, id=20995, stack(0x00007000012d3000,0x00007000013d3000)]
  0x00007f9229854000 JavaThread "pool-3-thread-1" [_thread_blocked, id=20483, stack(0x00007000011d0000,0x00007000012d0000)]
  0x00007f9229853800 JavaThread "pool-2-thread-1" [_thread_blocked, id=19971, stack(0x00007000010cd000,0x00007000011cd000)]
  0x00007f9229805000 JavaThread "Service Thread" daemon [_thread_blocked, id=18947, stack(0x0000700000ec7000,0x0000700000fc7000)]
  0x00007f922a017000 JavaThread "C1 CompilerThread2" daemon [_thread_blocked, id=18435, stack(0x0000700000dc4000,0x0000700000ec4000)]
  0x00007f9229849800 JavaThread "C2 CompilerThread1" daemon [_thread_in_native, id=17923, stack(0x0000700000cc1000,0x0000700000dc1000)]
=>0x00007f922984a800 JavaThread "C2 CompilerThread0" daemon [_thread_in_native, id=17411, stack(0x0000700000bbe000,0x0000700000cbe000)]
  0x00007f922a016800 JavaThread "Signal Dispatcher" daemon [_thread_blocked, id=16667, stack(0x0000700000abb000,0x0000700000bbb000)]
  0x00007f9229846000 JavaThread "Finalizer" daemon [_thread_blocked, id=12291, stack(0x000070000082f000,0x000070000092f000)]
  0x00007f922b017800 JavaThread "Reference Handler" daemon [_thread_blocked, id=11779, stack(0x000070000072c000,0x000070000082c000)]
  0x00007f9229808800 JavaThread "main" [_thread_in_Java, id=4099, stack(0x0000700000084000,0x0000700000184000)]

Other Threads:
  0x00007f922a80b000 VMThread [stack: 0x0000700000629000,0x0000700000729000] [id=11267]
  0x00007f922a821000 WatcherThread [stack: 0x0000700000fca000,0x00007000010ca000] [id=19459]

VM state:not at safepoint (normal execution)

VM Mutex/Monitor currently owned by a thread: None

Heap:
 PSYoungGen      total 38400K, used 29908K [0x00000007aab00000, 0x00000007af600000, 0x00000007c0000000)
  eden space 33280K, 74% used [0x00000007aab00000,0x00000007ac335ff0,0x00000007acb80000)
  from space 5120K, 99% used [0x00000007ad080000,0x00000007ad57f208,0x00000007ad580000)
  to   space 5120K, 0% used [0x00000007acb80000,0x00000007acb80000,0x00000007ad080000)
 ParOldGen       total 87552K, used 7616K [0x0000000780000000, 0x0000000785580000, 0x00000007aab00000)
  object space 87552K, 8% used [0x0000000780000000,0x00000007807703c8,0x0000000785580000)
 Metaspace       used 5697K, capacity 6896K, committed 7040K, reserved 1056768K
  class space    used 573K, capacity 616K, committed 640K, reserved 1048576K

Card table byte_map: [0x00000001251c0000,0x00000001253c1000] byte_map_base: 0x00000001215c0000

Marking Bits: (ParMarkBitMap*) 0x0000000114d2ae20
 Begin Bits: [0x00000001253c1000, 0x00000001263c1000)
 End Bits:   [0x00000001263c1000, 0x00000001273c1000)

Polling page: 0x000000010c153000

CodeCache: size=245760Kb used=3867Kb max_used=3867Kb free=241892Kb
 bounds [0x0000000115e00000, 0x00000001161d0000, 0x0000000124e00000]
 total_blobs=1324 nmethods=1064 adapters=175
 compilation: enabled

Compilation events (10 events):
Event: 6.328 Thread 0x00007f922a017000 1174       2       com.android.dx.util.ListIntSet::iterator (9 bytes)
Event: 6.328 Thread 0x00007f922a017000 nmethod 1174 0x00000001161bdc90 code [0x00000001161bde00, 0x00000001161bdfb0]
Event: 6.328 Thread 0x00007f922a017000 1176       2       com.android.dx.util.ListIntSet$1::next (37 bytes)
Event: 6.329 Thread 0x00007f922a017000 nmethod 1176 0x00000001161be050 code [0x00000001161be1e0, 0x00000001161be418]
Event: 6.329 Thread 0x00007f922a017000 1177 %     3       com.android.dx.ssa.SsaConverter::placePhiFunctions @ 229 (394 bytes)
Event: 6.385 Thread 0x00007f922a017000 nmethod 1177% 0x00000001161be590 code [0x00000001161beb20, 0x00000001161c2278]
Event: 6.385 Thread 0x00007f922a017000 1178       2       com.android.dx.ssa.SsaMethod::forEachBlockDepthFirstDom (128 bytes)
Event: 6.387 Thread 0x00007f922a017000 nmethod 1178 0x00000001161c5a50 code [0x00000001161c5ce0, 0x00000001161c6d78]
Event: 6.387 Thread 0x00007f922a017000 1175       2       com.android.dx.util.ListIntSet$1::<init> (15 bytes)
Event: 6.388 Thread 0x00007f922a017000 nmethod 1175 0x00000001161c7cd0 code [0x00000001161c7e20, 0x00000001161c7f90]

GC Heap History (4 events):
Event: 4.134 GC heap before
{Heap before GC invocations=1 (full 0):
 PSYoungGen      total 38400K, used 33280K [0x00000007aab00000, 0x00000007ad580000, 0x00000007c0000000)
  eden space 33280K, 100% used [0x00000007aab00000,0x00000007acb80000,0x00000007acb80000)
  from space 5120K, 0% used [0x00000007ad080000,0x00000007ad080000,0x00000007ad580000)
  to   space 5120K, 0% used [0x00000007acb80000,0x00000007acb80000,0x00000007ad080000)
 ParOldGen       total 87552K, used 0K [0x0000000780000000, 0x0000000785580000, 0x00000007aab00000)
  object space 87552K, 0% used [0x0000000780000000,0x0000000780000000,0x0000000785580000)
 Metaspace       used 5524K, capacity 6768K, committed 7040K, reserved 1056768K
  class space    used 571K, capacity 616K, committed 640K, reserved 1048576K
Event: 4.150 GC heap after
Heap after GC invocations=1 (full 0):
 PSYoungGen      total 38400K, used 5095K [0x00000007aab00000, 0x00000007ad580000, 0x00000007c0000000)
  eden space 33280K, 0% used [0x00000007aab00000,0x00000007aab00000,0x00000007acb80000)
  from space 5120K, 99% used [0x00000007acb80000,0x00000007ad079f00,0x00000007ad080000)
  to   space 5120K, 0% used [0x00000007ad080000,0x00000007ad080000,0x00000007ad580000)
 ParOldGen       total 87552K, used 1198K [0x0000000780000000, 0x0000000785580000, 0x00000007aab00000)
  object space 87552K, 1% used [0x0000000780000000,0x000000078012b990,0x0000000785580000)
 Metaspace       used 5524K, capacity 6768K, committed 7040K, reserved 1056768K
  class space    used 571K, capacity 616K, committed 640K, reserved 1048576K
}
Event: 6.063 GC heap before
{Heap before GC invocations=2 (full 0):
 PSYoungGen      total 38400K, used 38375K [0x00000007aab00000, 0x00000007ad580000, 0x00000007c0000000)
  eden space 33280K, 100% used [0x00000007aab00000,0x00000007acb80000,0x00000007acb80000)
  from space 5120K, 99% used [0x00000007acb80000,0x00000007ad079f00,0x00000007ad080000)
  to   space 5120K, 0% used [0x00000007ad080000,0x00000007ad080000,0x00000007ad580000)
 ParOldGen       total 87552K, used 1198K [0x0000000780000000, 0x0000000785580000, 0x00000007aab00000)
  object space 87552K, 1% used [0x0000000780000000,0x000000078012b990,0x0000000785580000)
 Metaspace       used 5658K, capacity 6832K, committed 7040K, reserved 1056768K
  class space    used 572K, capacity 616K, committed 640K, reserved 1048576K
Event: 6.101 GC heap after
Heap after GC invocations=2 (full 0):
 PSYoungGen      total 38400K, used 5116K [0x00000007aab00000, 0x00000007af600000, 0x00000007c0000000)
  eden space 33280K, 0% used [0x00000007aab00000,0x00000007aab00000,0x00000007acb80000)
  from space 5120K, 99% used [0x00000007ad080000,0x00000007ad57f208,0x00000007ad580000)
  to   space 5120K, 0% used [0x00000007acb80000,0x00000007acb80000,0x00000007ad080000)
 ParOldGen       total 87552K, used 7616K [0x0000000780000000, 0x0000000785580000, 0x00000007aab00000)
  object space 87552K, 8% used [0x0000000780000000,0x00000007807703c8,0x0000000785580000)
 Metaspace       used 5658K, capacity 6832K, committed 7040K, reserved 1056768K
  class space    used 572K, capacity 616K, committed 640K, reserved 1048576K
}

Deoptimization events (9 events):
Event: 1.246 Thread 0x00007f9229808800 Uncommon trap: reason=unstable_if action=reinterpret pc=0x0000000115f30080 method=java.lang.String.indexOf(II)I @ 49
Event: 2.729 Thread 0x00007f922a837800 Uncommon trap: reason=unstable_if action=reinterpret pc=0x0000000115fab03c method=java.util.HashMap.getNode(ILjava/lang/Object;)Ljava/util/HashMap$Node; @ 129
Event: 3.211 Thread 0x00007f9229808800 Uncommon trap: reason=unstable_if action=reinterpret pc=0x00000001160368b0 method=java.util.HashMap.getNode(ILjava/lang/Object;)Ljava/util/HashMap$Node; @ 129
Event: 3.297 Thread 0x00007f9229808800 Uncommon trap: reason=unstable_if action=reinterpret pc=0x0000000115ff4560 method=com.android.dx.rop.code.RegisterSpec.equals(ILcom/android/dx/rop/type/TypeBearer;Lcom/android/dx/rop/code/LocalItem;)Z @ 16
Event: 4.006 Thread 0x00007f9229853800 Uncommon trap: reason=null_check action=make_not_entrant pc=0x000000011608976c method=com.android.dx.ssa.SsaRenamer.getLocalForNewReg(I)Lcom/android/dx/rop/code/LocalItem; @ 19
Event: 5.193 Thread 0x00007f92298e2000 Uncommon trap: reason=class_check action=maybe_recompile pc=0x00000001160e9b54 method=com.android.dx.ssa.NormalSsaInsn.accept(Lcom/android/dx/ssa/SsaInsn$Visitor;)V @ 9
Event: 5.193 Thread 0x00007f92298e2000 Uncommon trap: reason=class_check action=maybe_recompile pc=0x00000001160e9b54 method=com.android.dx.ssa.NormalSsaInsn.accept(Lcom/android/dx/ssa/SsaInsn$Visitor;)V @ 9
Event: 5.193 Thread 0x00007f92298e2000 Uncommon trap: reason=class_check action=maybe_recompile pc=0x00000001160e9b54 method=com.android.dx.ssa.NormalSsaInsn.accept(Lcom/android/dx/ssa/SsaInsn$Visitor;)V @ 9
Event: 5.194 Thread 0x00007f92298e2000 Uncommon trap: reason=class_check action=maybe_recompile pc=0x00000001160e9b54 method=com.android.dx.ssa.NormalSsaInsn.accept(Lcom/android/dx/ssa/SsaInsn$Visitor;)V @ 9

Internal exceptions (3 events):
Event: 0.088 Thread 0x00007f9229808800 Exception <a 'java/lang/NoSuchMethodError': Method sun.misc.Unsafe.defineClass(Ljava/lang/String;[BII)Ljava/lang/Class; name or signature does not match> (0x00000007aab12f10) thrown at [/Users/java_re/workspace/8-2-build-macosx-x86_64/jdk8u65/4987/hotspot
Event: 0.088 Thread 0x00007f9229808800 Exception <a 'java/lang/NoSuchMethodError': Method sun.misc.Unsafe.prefetchRead(Ljava/lang/Object;J)V name or signature does not match> (0x00000007aab131f8) thrown at [/Users/java_re/workspace/8-2-build-macosx-x86_64/jdk8u65/4987/hotspot/src/share/vm/prim
Event: 4.005 Thread 0x00007f9229853800 Implicit null exception at 0x0000000116086f92 to 0x000000011608974d

Events (10 events):
Event: 6.253 loading class com/android/dx/util/ListIntSet
Event: 6.253 loading class com/android/dx/util/ListIntSet done
Event: 6.254 Executing VM operation: Deoptimize
Event: 6.254 Executing VM operation: Deoptimize done
Event: 6.311 loading class com/android/dx/util/ListIntSet$1
Event: 6.311 loading class com/android/dx/util/ListIntSet$1 done
Event: 6.311 Executing VM operation: Deoptimize
Event: 6.322 Executing VM operation: Deoptimize done
Event: 6.322 Thread 0x00007f922a837800 DEOPT PACKING pc=0x00000001161b0e0c sp=0x00007000015d7fb0
Event: 6.322 Thread 0x00007f922a837800 DEOPT UNPACKING pc=0x0000000115e47233 sp=0x00007000015d7ea8 mode 0


Dynamic libraries:
0x000000000811c000 	/System/Library/Frameworks/Cocoa.framework/Versions/A/Cocoa
0x000000010bd28000 	/System/Library/Frameworks/Security.framework/Versions/A/Security
0x000000010c143000 	/System/Library/Frameworks/ApplicationServices.framework/Versions/A/ApplicationServices
0x000000000811c000 	/usr/lib/libz.1.dylib
0x000000010c149000 	/usr/lib/libSystem.B.dylib
0x000000000811c000 	/usr/lib/libobjc.A.dylib
0x000000010c156000 	/System/Library/Frameworks/CoreFoundation.framework/Versions/A/CoreFoundation
0x000000010c84c000 	/System/Library/Frameworks/Foundation.framework/Versions/C/Foundation
0x000000010ce33000 	/System/Library/Frameworks/AppKit.framework/Versions/C/AppKit
0x000000000811c000 	/System/Library/Frameworks/CoreData.framework/Versions/A/CoreData
0x000000000811c000 	/System/Library/PrivateFrameworks/RemoteViewServices.framework/Versions/A/RemoteViewServices
0x000000000811c000 	/System/Library/PrivateFrameworks/UIFoundation.framework/Versions/A/UIFoundation
0x000000000811c000 	/usr/lib/libScreenReader.dylib
0x000000010e307000 	/System/Library/Frameworks/Accelerate.framework/Versions/A/Accelerate
0x000000010e30c000 	/System/Library/Frameworks/IOSurface.framework/Versions/A/IOSurface
0x000000010e31c000 	/System/Library/Frameworks/AudioToolbox.framework/Versions/A/AudioToolbox
0x000000010e5ba000 	/System/Library/Frameworks/AudioUnit.framework/Versions/A/AudioUnit
0x000000010e5c7000 	/System/Library/PrivateFrameworks/DataDetectorsCore.framework/Versions/A/DataDetectorsCore
0x000000000811c000 	/System/Library/PrivateFrameworks/DesktopServicesPriv.framework/Versions/A/DesktopServicesPriv
0x000000010e67c000 	/System/Library/Frameworks/Carbon.framework/Versions/A/Frameworks/HIToolbox.framework/Versions/A/HIToolbox
0x000000010eaf2000 	/System/Library/Frameworks/QuartzCore.framework/Versions/A/QuartzCore
0x000000010edb1000 	/System/Library/Frameworks/Carbon.framework/Versions/A/Frameworks/SpeechRecognition.framework/Versions/A/SpeechRecognition
0x000000000811c000 	/usr/lib/libauto.dylib
0x000000010edc3000 	/usr/lib/libicucore.A.dylib
0x000000010f098000 	/usr/lib/libxml2.2.dylib
0x000000000811c000 	/System/Library/PrivateFrameworks/CoreUI.framework/Versions/A/CoreUI
0x000000010f1c4000 	/System/Library/Frameworks/CoreAudio.framework/Versions/A/CoreAudio
0x000000000811c000 	/System/Library/Frameworks/DiskArbitration.framework/Versions/A/DiskArbitration
0x000000000811c000 	/usr/lib/liblangid.dylib
0x000000010f23f000 	/System/Library/PrivateFrameworks/MultitouchSupport.framework/Versions/A/MultitouchSupport
0x000000010f277000 	/System/Library/Frameworks/IOKit.framework/Versions/A/IOKit
0x000000000811c000 	/usr/lib/libDiagnosticMessagesClient.dylib
0x000000010f329000 	/System/Library/Frameworks/CoreServices.framework/Versions/A/CoreServices
0x000000010f32f000 	/System/Library/PrivateFrameworks/PerformanceAnalysis.framework/Versions/A/PerformanceAnalysis
0x000000000811c000 	/System/Library/PrivateFrameworks/GenerationalStorage.framework/Versions/A/GenerationalStorage
0x000000010f443000 	/System/Library/Frameworks/OpenGL.framework/Versions/A/OpenGL
0x000000000811c000 	/System/Library/PrivateFrameworks/Sharing.framework/Versions/A/Sharing
0x000000010f45b000 	/System/Library/Frameworks/CoreGraphics.framework/Versions/A/CoreGraphics
0x00000001107fa000 	/System/Library/Frameworks/CoreImage.framework/Versions/A/CoreImage
0x0000000110b7f000 	/System/Library/Frameworks/CoreText.framework/Versions/A/CoreText
0x0000000110d63000 	/System/Library/Frameworks/ImageIO.framework/Versions/A/ImageIO
0x000000000811c000 	/System/Library/PrivateFrameworks/Backup.framework/Versions/A/Backup
0x000000000811c000 	/usr/lib/libextension.dylib
0x000000000811c000 	/usr/lib/libarchive.2.dylib
0x0000000110fc7000 	/System/Library/Frameworks/CFNetwork.framework/Versions/A/CFNetwork
0x000000011143a000 	/System/Library/Frameworks/SystemConfiguration.framework/Versions/A/SystemConfiguration
0x000000000811c000 	/usr/lib/libCRFSuite.dylib
0x000000000811c000 	/usr/lib/libc++.1.dylib
0x00000001114d8000 	/usr/lib/libc++abi.dylib
0x000000000811c000 	/usr/lib/system/libcache.dylib
0x0000000111513000 	/usr/lib/system/libcommonCrypto.dylib
0x000000000811c000 	/usr/lib/system/libcompiler_rt.dylib
0x000000000811c000 	/usr/lib/system/libcopyfile.dylib
0x0000000111533000 	/usr/lib/system/libcorecrypto.dylib
0x000000000811c000 	/usr/lib/system/libdispatch.dylib
0x00000001115ca000 	/usr/lib/system/libdyld.dylib
0x000000000811c000 	/usr/lib/system/libkeymgr.dylib
0x00000001115db000 	/usr/lib/system/liblaunch.dylib
0x000000000811c000 	/usr/lib/system/libmacho.dylib
0x000000000811c000 	/usr/lib/system/libquarantine.dylib
0x000000000811c000 	/usr/lib/system/libremovefile.dylib
0x000000000811c000 	/usr/lib/system/libsystem_asl.dylib
0x000000000811c000 	/usr/lib/system/libsystem_blocks.dylib
0x00000001115e5000 	/usr/lib/system/libsystem_c.dylib
0x000000000811c000 	/usr/lib/system/libsystem_configuration.dylib
0x000000000811c000 	/usr/lib/system/libsystem_coreservices.dylib
0x000000000811c000 	/usr/lib/system/libsystem_coretls.dylib
0x000000011169e000 	/usr/lib/system/libsystem_dnssd.dylib
0x00000001116b1000 	/usr/lib/system/libsystem_info.dylib
0x00000001116f1000 	/usr/lib/system/libsystem_kernel.dylib
0x000000000811c000 	/usr/lib/system/libsystem_m.dylib
0x000000000811c000 	/usr/lib/system/libsystem_malloc.dylib
0x000000011172c000 	/usr/lib/system/libsystem_network.dylib
0x000000000811c000 	/usr/lib/system/libsystem_networkextension.dylib
0x000000000811c000 	/usr/lib/system/libsystem_notify.dylib
0x000000000811c000 	/usr/lib/system/libsystem_platform.dylib
0x000000000811c000 	/usr/lib/system/libsystem_pthread.dylib
0x00000001117cb000 	/usr/lib/system/libsystem_sandbox.dylib
0x000000000811c000 	/usr/lib/system/libsystem_secinit.dylib
0x00000001117db000 	/usr/lib/system/libsystem_trace.dylib
0x000000000811c000 	/usr/lib/system/libunc.dylib
0x000000000811c000 	/usr/lib/system/libunwind.dylib
0x0000000111801000 	/usr/lib/system/libxpc.dylib
0x000000000811c000 	/usr/lib/libenergytrace.dylib
0x000000000811c000 	/usr/lib/libbsm.0.dylib
0x0000000111850000 	/usr/lib/system/libkxld.dylib
0x000000000811c000 	/usr/lib/libxar.1.dylib
0x000000000811c000 	/usr/lib/libsqlite3.dylib
0x000000000811c000 	/usr/lib/libpam.2.dylib
0x000000000811c000 	/usr/lib/libOpenScriptingUtil.dylib
0x000000000811c000 	/usr/lib/libbz2.1.0.dylib
0x000000000811c000 	/usr/lib/liblzma.5.dylib
0x0000000111865000 	/System/Library/Frameworks/CoreServices.framework/Versions/A/Frameworks/FSEvents.framework/Versions/A/FSEvents
0x000000011187b000 	/System/Library/Frameworks/CoreServices.framework/Versions/A/Frameworks/CarbonCore.framework/Versions/A/CarbonCore
0x00000001113df000 	/System/Library/Frameworks/CoreServices.framework/Versions/A/Frameworks/Metadata.framework/Versions/A/Metadata
0x0000000111cee000 	/System/Library/Frameworks/CoreServices.framework/Versions/A/Frameworks/OSServices.framework/Versions/A/OSServices
0x0000000111d9a000 	/System/Library/Frameworks/CoreServices.framework/Versions/A/Frameworks/SearchKit.framework/Versions/A/SearchKit
0x0000000111e52000 	/System/Library/Frameworks/CoreServices.framework/Versions/A/Frameworks/AE.framework/Versions/A/AE
0x0000000111eda000 	/System/Library/Frameworks/CoreServices.framework/Versions/A/Frameworks/LaunchServices.framework/Versions/A/LaunchServices
0x00000001120c0000 	/System/Library/Frameworks/CoreServices.framework/Versions/A/Frameworks/DictionaryServices.framework/Versions/A/DictionaryServices
0x000000011211f000 	/System/Library/Frameworks/CoreServices.framework/Versions/A/Frameworks/SharedFileList.framework/Versions/A/SharedFileList
0x000000000811c000 	/System/Library/Frameworks/NetFS.framework/Versions/A/NetFS
0x000000000811c000 	/System/Library/PrivateFrameworks/NetAuth.framework/Versions/A/NetAuth
0x000000000811c000 	/System/Library/PrivateFrameworks/login.framework/Versions/A/Frameworks/loginsupport.framework/Versions/A/loginsupport
0x000000011219c000 	/System/Library/PrivateFrameworks/TCC.framework/Versions/A/TCC
0x000000000811c000 	/usr/lib/libmecabra.dylib
0x00000001121aa000 	/System/Library/Frameworks/ApplicationServices.framework/Versions/A/Frameworks/ATS.framework/Versions/A/ATS
0x000000011224b000 	/System/Library/Frameworks/ApplicationServices.framework/Versions/A/Frameworks/ColorSync.framework/Versions/A/ColorSync
0x0000000112331000 	/System/Library/Frameworks/ApplicationServices.framework/Versions/A/Frameworks/HIServices.framework/Versions/A/HIServices
0x00000001123b5000 	/System/Library/Frameworks/ApplicationServices.framework/Versions/A/Frameworks/LangAnalysis.framework/Versions/A/LangAnalysis
0x00000000182d3000 	/System/Library/Frameworks/ApplicationServices.framework/Versions/A/Frameworks/PrintCore.framework/Versions/A/PrintCore
0x0000000112453000 	/System/Library/Frameworks/ApplicationServices.framework/Versions/A/Frameworks/QD.framework/Versions/A/QD
0x00000001124b0000 	/System/Library/Frameworks/ApplicationServices.framework/Versions/A/Frameworks/SpeechSynthesis.framework/Versions/A/SpeechSynthesis
0x00000001124d7000 	/System/Library/Frameworks/Metal.framework/Versions/A/Metal
0x00000001125a2000 	/System/Library/Frameworks/Accelerate.framework/Versions/A/Frameworks/vImage.framework/Versions/A/vImage
0x0000000112ac1000 	/System/Library/Frameworks/Accelerate.framework/Versions/A/Frameworks/vecLib.framework/Versions/A/vecLib
0x0000000112ac6000 	/System/Library/Frameworks/Accelerate.framework/Versions/A/Frameworks/vecLib.framework/Versions/A/libvDSP.dylib
0x0000000112be9000 	/System/Library/Frameworks/Accelerate.framework/Versions/A/Frameworks/vecLib.framework/Versions/A/libvMisc.dylib
0x0000000112cb5000 	/System/Library/Frameworks/Accelerate.framework/Versions/A/Frameworks/vecLib.framework/Versions/A/libLAPACK.dylib
0x0000000113119000 	/System/Library/Frameworks/Accelerate.framework/Versions/A/Frameworks/vecLib.framework/Versions/A/libBLAS.dylib
0x0000000113301000 	/System/Library/Frameworks/Accelerate.framework/Versions/A/Frameworks/vecLib.framework/Versions/A/libLinearAlgebra.dylib
0x0000000113325000 	/System/Library/Frameworks/Accelerate.framework/Versions/A/Frameworks/vecLib.framework/Versions/A/libSparseBLAS.dylib
0x0000000113340000 	/System/Library/PrivateFrameworks/GPUCompiler.framework/libmetal_timestamp.dylib
0x0000000113347000 	/System/Library/Frameworks/OpenGL.framework/Versions/A/Libraries/libCoreFSCache.dylib
0x0000000113351000 	/System/Library/PrivateFrameworks/IOAccelerator.framework/Versions/A/IOAccelerator
0x0000000113369000 	/System/Library/Frameworks/ApplicationServices.framework/Versions/A/Frameworks/ATS.framework/Versions/A/Resources/libFontParser.dylib
0x00000001134e8000 	/System/Library/Frameworks/ApplicationServices.framework/Versions/A/Frameworks/ATS.framework/Versions/A/Resources/libFontRegistry.dylib
0x000000011355a000 	/System/Library/PrivateFrameworks/AppleVPA.framework/Versions/A/AppleVPA
0x0000000113584000 	/System/Library/PrivateFrameworks/AppleJPEG.framework/Versions/A/AppleJPEG
0x0000000113675000 	/System/Library/Frameworks/ImageIO.framework/Versions/A/Resources/libJPEG.dylib
0x00000001136a5000 	/System/Library/Frameworks/ImageIO.framework/Versions/A/Resources/libTIFF.dylib
0x0000000113711000 	/System/Library/Frameworks/ImageIO.framework/Versions/A/Resources/libPng.dylib
0x0000000113743000 	/System/Library/Frameworks/ImageIO.framework/Versions/A/Resources/libGIF.dylib
0x0000000113751000 	/System/Library/Frameworks/ImageIO.framework/Versions/A/Resources/libJP2.dylib
0x000000011386d000 	/System/Library/Frameworks/ImageIO.framework/Versions/A/Resources/libRadiance.dylib
0x000000000811c000 	/System/Library/Frameworks/CoreVideo.framework/Versions/A/CoreVideo
0x0000000113874000 	/System/Library/Frameworks/OpenGL.framework/Versions/A/Libraries/libGLU.dylib
0x00000001138cc000 	/System/Library/Frameworks/OpenGL.framework/Versions/A/Libraries/libGFXShared.dylib
0x00000001138e1000 	/System/Library/Frameworks/OpenGL.framework/Versions/A/Libraries/libGL.dylib
0x0000000113906000 	/System/Library/Frameworks/OpenGL.framework/Versions/A/Libraries/libGLImage.dylib
0x0000000113953000 	/System/Library/Frameworks/OpenGL.framework/Versions/A/Libraries/libCVMSPluginSupport.dylib
0x000000011395e000 	/System/Library/Frameworks/OpenGL.framework/Versions/A/Libraries/libCoreVMClient.dylib
0x000000000811c000 	/usr/lib/libcompression.dylib
0x0000000113969000 	/usr/lib/libcups.2.dylib
0x000000000811c000 	/System/Library/Frameworks/Kerberos.framework/Versions/A/Kerberos
0x000000000811c000 	/System/Library/Frameworks/GSS.framework/Versions/A/GSS
0x000000000811c000 	/usr/lib/libresolv.9.dylib
0x000000000811c000 	/usr/lib/libiconv.2.dylib
0x000000000811c000 	/System/Library/PrivateFrameworks/Heimdal.framework/Versions/A/Heimdal
0x000000000811c000 	/usr/lib/libheimdal-asn1.dylib
0x000000000811c000 	/System/Library/Frameworks/OpenDirectory.framework/Versions/A/OpenDirectory
0x000000000811c000 	/System/Library/PrivateFrameworks/CommonAuth.framework/Versions/A/CommonAuth
0x000000000811c000 	/System/Library/Frameworks/OpenDirectory.framework/Versions/A/Frameworks/CFOpenDirectory.framework/Versions/A/CFOpenDirectory
0x00000001139d5000 	/System/Library/Frameworks/SecurityFoundation.framework/Versions/A/SecurityFoundation
0x000000000811c000 	/System/Library/PrivateFrameworks/LanguageModeling.framework/Versions/A/LanguageModeling
0x000000000811c000 	/usr/lib/libmarisa.dylib
0x000000000811c000 	/usr/lib/libChineseTokenizer.dylib
0x000000000811c000 	/usr/lib/libcmph.dylib
0x0000000113a8f000 	/System/Library/Frameworks/ServiceManagement.framework/Versions/A/ServiceManagement
0x0000000113a98000 	/usr/lib/libxslt.1.dylib
0x0000000113ad6000 	/System/Library/Frameworks/Carbon.framework/Versions/A/Frameworks/Ink.framework/Versions/A/Ink
0x0000000113b9f000 	/usr/lib/libFosl_dynamic.dylib
0x000000000811c000 	/System/Library/PrivateFrameworks/FaceCore.framework/Versions/A/FaceCore
0x0000000113f55000 	/System/Library/Frameworks/OpenCL.framework/Versions/A/OpenCL
0x0000000113fbe000 	/System/Library/PrivateFrameworks/CrashReporterSupport.framework/Versions/A/CrashReporterSupport
0x000000000811c000 	/System/Library/PrivateFrameworks/IconServices.framework/Versions/A/IconServices
0x0000000113fda000 	/System/Library/PrivateFrameworks/Apple80211.framework/Versions/A/Apple80211
0x000000000811c000 	/System/Library/Frameworks/CoreWLAN.framework/Versions/A/CoreWLAN
0x000000011400b000 	/System/Library/Frameworks/IOBluetooth.framework/Versions/A/IOBluetooth
0x000000000811c000 	/System/Library/PrivateFrameworks/CoreWiFi.framework/Versions/A/CoreWiFi
0x000000000811c000 	/System/Library/Frameworks/CoreBluetooth.framework/Versions/A/CoreBluetooth
0x000000000811c000 	/System/Library/PrivateFrameworks/ChunkingLibrary.framework/Versions/A/ChunkingLibrary
0x000000000811c000 	/System/Library/PrivateFrameworks/DebugSymbols.framework/Versions/A/DebugSymbols
0x0000000114131000 	/System/Library/PrivateFrameworks/CoreSymbolication.framework/Versions/A/CoreSymbolication
0x000000000811c000 	/System/Library/PrivateFrameworks/Symbolication.framework/Versions/A/Symbolication
0x000000000811c000 	/System/Library/PrivateFrameworks/SpeechRecognitionCore.framework/Versions/A/SpeechRecognitionCore
0x000000011444c000 	/Library/Java/JavaVirtualMachines/jdk1.8.0_65.jdk/Contents/Home/jre/lib/server/libjvm.dylib
0x000000000811c000 	/usr/lib/libstdc++.6.dylib
0x00000001153d5000 	/Library/Java/JavaVirtualMachines/jdk1.8.0_65.jdk/Contents/Home/jre/lib/libverify.dylib
0x00000001153e3000 	/Library/Java/JavaVirtualMachines/jdk1.8.0_65.jdk/Contents/Home/jre/lib/libjava.dylib
0x0000000115420000 	/Library/Java/JavaVirtualMachines/jdk1.8.0_65.jdk/Contents/Home/jre/lib/libzip.dylib
0x0000000129027000 	/System/Library/Frameworks/JavaVM.framework/Frameworks/JavaRuntimeSupport.framework/JavaRuntimeSupport
0x0000000129042000 	/System/Library/Frameworks/JavaVM.framework/Versions/A/Frameworks/JavaNativeFoundation.framework/Versions/A/JavaNativeFoundation
0x0000000129057000 	/System/Library/Frameworks/JavaVM.framework/Versions/A/JavaVM
0x000000010e5b3000 	/System/Library/Frameworks/Carbon.framework/Versions/A/Carbon
0x0000000129064000 	/System/Library/PrivateFrameworks/JavaLaunching.framework/Versions/A/JavaLaunching
0x0000000129070000 	/System/Library/Frameworks/Carbon.framework/Versions/A/Frameworks/CommonPanels.framework/Versions/A/CommonPanels
0x000000012907c000 	/System/Library/Frameworks/Carbon.framework/Versions/A/Frameworks/Help.framework/Versions/A/Help
0x0000000129086000 	/System/Library/Frameworks/Carbon.framework/Versions/A/Frameworks/ImageCapture.framework/Versions/A/ImageCapture
0x000000012909b000 	/System/Library/Frameworks/Carbon.framework/Versions/A/Frameworks/OpenScripting.framework/Versions/A/OpenScripting
0x00000000ac9d1000 	/System/Library/Frameworks/Carbon.framework/Versions/A/Frameworks/Print.framework/Versions/A/Print
0x00000001290c9000 	/System/Library/Frameworks/Carbon.framework/Versions/A/Frameworks/SecurityHI.framework/Versions/A/SecurityHI

VM Arguments:
jvm_args: -Djava.awt.headless=true -Xmx1024M -Dfile.encoding=UTF-8 -Duser.country=IT -Duser.language=it -Duser.variant 
java_command: com.android.dx.command.Main --dex --force-jumbo --num-threads=4 --multi-dex --output /Users/marco/Documents/Workspaces/Android/Projects/Test/OpenCV/OpenCVDemo/OpenCVDemo/app/build/intermediates/transforms/dex/debug/folders/1000/5/slice_2 /Users/marco/Documents/Workspaces/Android/Projects/Test/OpenCV/OpenCVDemo/OpenCVDemo/app/build/intermediates/transforms/instantRunSlicer/debug/folders/1/5/slice_2
java_class_path (initial): /Users/marco/Library/Android/sdk/build-tools/24.0.0/lib/dx.jar
Launcher Type: SUN_STANDARD

Environment Variables:
PATH=/usr/bin:/bin:/usr/sbin:/sbin
SHELL=/bin/bash

Signal Handlers:
SIGSEGV: [libjvm.dylib+0x5a6d31], sa_mask[0]=11111111011111110111111111111111, sa_flags=SA_ONSTACK|SA_RESTART|SA_SIGINFO
SIGBUS: [libjvm.dylib+0x5a6d31], sa_mask[0]=11111111011111110111111111111111, sa_flags=SA_RESTART|SA_SIGINFO
SIGFPE: [libjvm.dylib+0x480a40], sa_mask[0]=11111111011111110111111111111111, sa_flags=SA_RESTART|SA_SIGINFO
SIGPIPE: [libjvm.dylib+0x480a40], sa_mask[0]=11111111011111110111111111111111, sa_flags=SA_RESTART|SA_SIGINFO
SIGXFSZ: [libjvm.dylib+0x480a40], sa_mask[0]=11111111011111110111111111111111, sa_flags=SA_RESTART|SA_SIGINFO
SIGILL: [libjvm.dylib+0x480a40], sa_mask[0]=11111111011111110111111111111111, sa_flags=SA_RESTART|SA_SIGINFO
SIGUSR1: SIG_DFL, sa_mask[0]=00000000000000000000000000000000, sa_flags=none
SIGUSR2: [libjvm.dylib+0x48055e], sa_mask[0]=00100000000000000000000000000000, sa_flags=SA_RESTART|SA_SIGINFO
SIGHUP: [libjvm.dylib+0x47eb35], sa_mask[0]=11111111011111110111111111111111, sa_flags=SA_RESTART|SA_SIGINFO
SIGINT: [libjvm.dylib+0x47eb35], sa_mask[0]=11111111011111110111111111111111, sa_flags=SA_RESTART|SA_SIGINFO
SIGTERM: [libjvm.dylib+0x47eb35], sa_mask[0]=11111111011111110111111111111111, sa_flags=SA_RESTART|SA_SIGINFO
SIGQUIT: [libjvm.dylib+0x47eb35], sa_mask[0]=11111111011111110111111111111111, sa_flags=SA_RESTART|SA_SIGINFO


---------------  S Y S T E M  ---------------

OS:Bsduname:Darwin 15.6.0 Darwin Kernel Version 15.6.0: Thu Jun 23 18:25:34 PDT 2016; root:xnu-3248.60.10~1/RELEASE_X86_64 x86_64
rlimit: STACK 8192k, CORE 0k, NPROC 709, NOFILE 10240, AS infinity
load average:16.39 9.03 5.72

CPU:total 4 (2 cores per cpu, 2 threads per core) family 6 model 37 stepping 5, cmov, cx8, fxsr, mmx, sse, sse2, sse3, ssse3, sse4.1, sse4.2, popcnt, aes, clmul, ht, tsc, tscinvbit

Memory: 4k page, physical 8388608k(84464k free)

/proc/meminfo:


vm_info: Java HotSpot(TM) 64-Bit Server VM (25.65-b01) for bsd-amd64 JRE (1.8.0_65-b17), built on Oct  6 2015 15:36:46 by "java_re" with gcc 4.2.1 (Based on Apple Inc. build 5658) (LLVM build 2336.11.00)

time: Sat Jul 30 23:23:36 2016
elapsed time: 6 seconds (0d 0h 0m 6s)

