#
# A fatal error has been detected by the Java Runtime Environment:
#
#  SIGSEGV (0xb) at pc=0x000000010a5f7f84, pid=3772, tid=18179
#
# JRE version: Java(TM) SE Runtime Environment (8.0_65-b17) (build 1.8.0_65-b17)
# Java VM: Java HotSpot(TM) 64-Bit Server VM (25.65-b01 mixed mode bsd-amd64 compressed oops)
# Problematic frame:
# V  [libjvm.dylib+0x155f84]  Unique_Node_List::member(Node*)+0x4
#
# Failed to write core dump. Core dumps have been disabled. To enable core dumping, try "ulimit -c unlimited" before starting Java again
#
# If you would like to submit a bug report, please visit:
#   http://bugreport.java.com/bugreport/crash.jsp
#

---------------  T H R E A D  ---------------

Current thread (0x00007fea42008000):  JavaThread "C2 CompilerThread1" daemon [_thread_in_native, id=18179, stack(0x0000700000cc1000,0x0000700000dc1000)]

siginfo: si_signo: 11 (SIGSEGV), si_code: 0 (unknown), si_addr: 0x0000000000000000

Registers:
RAX=0x20007fea419a42f0, RBX=0x00007fea41992c78, RCX=0x00000000e33e603f, RDX=0x00007fea42927a10
RSP=0x0000700000dbf2c0, RBP=0x0000700000dbf2c0, RSI=0x20007fea419a42f0, RDI=0x0000700000dbf3c8
R8 =0x00007fea4292fa10, R9 =0x0000000000000000, R10=0x0000000067e00802, R11=0x00007fea42927a10
R12=0x000000000000000f, R13=0x00007fea419bac40, R14=0x000000000000001c, R15=0x000000000000000f
RIP=0x000000010a5f7f84, EFLAGS=0x0000000000010287, ERR=0x0000000000000000
  TRAPNO=0x000000000000000d

Top of Stack: (sp=0x0000700000dbf2c0)
0x0000700000dbf2c0:   0000700000dbf310 000000010a6533a7
0x0000700000dbf2d0:   00000000000001bc 0000700000dbff88
0x0000700000dbf2e0:   0000700000dbf3c8 0000700000dbf4d0
0x0000700000dbf2f0:   0000700000dbf3c8 0000700000dbf3e8
0x0000700000dbf300:   0000700000dbf3b8 00007fea40e0ef30
0x0000700000dbf310:   0000700000dbf350 000000010a95013c
0x0000700000dbf320:   0000700000dbfea0 0000700000dbf438
0x0000700000dbf330:   00007fea40d1d650 0000700000dbff88
0x0000700000dbf340:   00007fea4212bc78 0000700000dc0920
0x0000700000dbf350:   0000700000dbff40 000000010a653f0b
0x0000700000dbf360:   0000000000000004 00007fea41254ae0
0x0000700000dbf370:   0000700000dc0920 0000700000dc0938
0x0000700000dbf380:   00007fea40f18090 0000000000000004
0x0000700000dbf390:   0000000000000000 0000000000000000
0x0000700000dbf3a0:   0000000000000002 0000700000dc0790
0x0000700000dbf3b0:   00007fea40f18090 0000000000000002
0x0000700000dbf3c0:   0000700000dbff88 00007fea40e0ef30
0x0000700000dbf3d0:   0000000000002000 00007fea42937c10
0x0000700000dbf3e0:   00000000000009dc 000000010ad6d980
0x0000700000dbf3f0:   00007fea40e0ef30 0000000000000100
0x0000700000dbf400:   00007fea42927a10 0000000000000000
0x0000700000dbf410:   00007fea40e0ef30 00007fea42438800
0x0000700000dbf420:   00007fea4243b140 00007fea424407e8
0x0000700000dbf430:   0000000000020338 000000010acc3400
0x0000700000dbf440:   0000000000000001 0000700000dbff88
0x0000700000dbf450:   0000700000dc0a90 0000700000dbf4d0
0x0000700000dbf460:   00007fea41265930 0000000000000000
0x0000700000dbf470:   00000000ffffffff 0000000000000000
0x0000700000dbf480:   0000000000000000 0000000000000000
0x0000700000dbf490:   0000000000000000 0000000000000000
0x0000700000dbf4a0:   0000000000000000 0000000000000000
0x0000700000dbf4b0:   0000700000dbff88 0000000000000000 

Instructions: (pc=0x000000010a5f7f84)
0x000000010a5f7f64:   48 8d 0d 05 c7 79 00 48 8b 09 48 89 48 28 bf 06
0x000000010a5f7f74:   00 00 00 48 89 c6 5d e9 20 91 41 00 55 48 89 e5
0x000000010a5f7f84:   8b 46 28 89 c1 c1 e9 05 3b 4f 30 72 04 30 c0 eb
0x000000010a5f7f94:   0f 89 c9 48 8b 57 38 8b 0c 8a 0f a3 c1 0f 92 c0 

Register to memory mapping:

RAX=0x20007fea419a42f0 is an unknown value
RBX=0x00007fea41992c78 is an unknown value
RCX=0x00000000e33e603f is an unknown value
RDX=0x00007fea42927a10 is an unknown value
RSP=0x0000700000dbf2c0 is pointing into the stack for thread: 0x00007fea42008000
RBP=0x0000700000dbf2c0 is pointing into the stack for thread: 0x00007fea42008000
RSI=0x20007fea419a42f0 is an unknown value
RDI=0x0000700000dbf3c8 is pointing into the stack for thread: 0x00007fea42008000
R8 =0x00007fea4292fa10 is an unknown value
R9 =0x0000000000000000 is an unknown value
R10=0x0000000067e00802 is an unknown value
R11=0x00007fea42927a10 is an unknown value
R12=0x000000000000000f is an unknown value
R13=0x00007fea419bac40 is an unknown value
R14=0x000000000000001c is an unknown value
R15=0x000000000000000f is an unknown value


Stack: [0x0000700000cc1000,0x0000700000dc1000],  sp=0x0000700000dbf2c0,  free space=1016k
Native frames: (J=compiled Java code, j=interpreted, Vv=VM code, C=native code)
V  [libjvm.dylib+0x155f84]  Unique_Node_List::member(Node*)+0x4
V  [libjvm.dylib+0x1b13a7]  Compile::remove_useless_nodes(Unique_Node_List&)+0x7f
V  [libjvm.dylib+0x4ae13c]  PhaseRemoveUseless::PhaseRemoveUseless(PhaseGVN*, Unique_Node_List*)+0xde
V  [libjvm.dylib+0x1b1f0b]  Compile::Compile(ciEnv*, C2Compiler*, ciMethod*, int, bool, bool, bool)+0x867
V  [libjvm.dylib+0x14fc9e]  C2Compiler::compile_method(ciEnv*, ciMethod*, int)+0xac
V  [libjvm.dylib+0x1b55fa]  CompileBroker::invoke_compiler_on_method(CompileTask*)+0x5b2
V  [libjvm.dylib+0x1b7b41]  CompileBroker::compiler_thread_loop()+0x291
V  [libjvm.dylib+0x5612d3]  JavaThread::thread_main_inner()+0x9b
V  [libjvm.dylib+0x5629ce]  JavaThread::run()+0x1c2
V  [libjvm.dylib+0x48342e]  java_start(Thread*)+0xf6
C  [libsystem_pthread.dylib+0x399d]  _pthread_body+0x83
C  [libsystem_pthread.dylib+0x391a]  _pthread_body+0x0
C  [libsystem_pthread.dylib+0x1351]  thread_start+0xd
C  0x0000000000000000


Current CompileTask:
C2:   1459  481       4       com.android.dx.ssa.SsaBasicBlock::forEachInsn (37 bytes)


---------------  P R O C E S S  ---------------

Java Threads: ( => current thread )
  0x00007fea42096800 JavaThread "pool-2-thread-4" [_thread_in_Java, id=22275, stack(0x00007000014d9000,0x00007000015d9000)]
  0x00007fea4208d000 JavaThread "pool-2-thread-3" [_thread_in_Java, id=21763, stack(0x00007000013d6000,0x00007000014d6000)]
  0x00007fea42090000 JavaThread "pool-2-thread-2" [_thread_in_Java, id=21251, stack(0x00007000012d3000,0x00007000013d3000)]
  0x00007fea4182e000 JavaThread "pool-3-thread-1" [_thread_blocked, id=20739, stack(0x00007000011d0000,0x00007000012d0000)]
  0x00007fea41021800 JavaThread "pool-2-thread-1" [_thread_in_Java, id=20227, stack(0x00007000010cd000,0x00007000011cd000)]
  0x00007fea41021000 JavaThread "Service Thread" daemon [_thread_blocked, id=19203, stack(0x0000700000ec7000,0x0000700000fc7000)]
  0x00007fea4200b800 JavaThread "C1 CompilerThread2" daemon [_thread_in_native, id=18691, stack(0x0000700000dc4000,0x0000700000ec4000)]
=>0x00007fea42008000 JavaThread "C2 CompilerThread1" daemon [_thread_in_native, id=18179, stack(0x0000700000cc1000,0x0000700000dc1000)]
  0x00007fea42846800 JavaThread "C2 CompilerThread0" daemon [_thread_in_native, id=17667, stack(0x0000700000bbe000,0x0000700000cbe000)]
  0x00007fea4102e800 JavaThread "Signal Dispatcher" daemon [_thread_blocked, id=17159, stack(0x0000700000abb000,0x0000700000bbb000)]
  0x00007fea41801800 JavaThread "Finalizer" daemon [_thread_blocked, id=13059, stack(0x00007000008b2000,0x00007000009b2000)]
  0x00007fea42835000 JavaThread "Reference Handler" daemon [_thread_blocked, id=12547, stack(0x00007000007af000,0x00007000008af000)]
  0x00007fea42803000 JavaThread "main" [_thread_blocked, id=4099, stack(0x0000700000084000,0x0000700000184000)]

Other Threads:
  0x00007fea42834000 VMThread [stack: 0x00007000006ac000,0x00007000007ac000] [id=12035]
  0x00007fea42813800 WatcherThread [stack: 0x0000700000fca000,0x00007000010ca000] [id=19715]

VM state:not at safepoint (normal execution)

VM Mutex/Monitor currently owned by a thread: None

Heap:
 PSYoungGen      total 38400K, used 15316K [0x00000007aab00000, 0x00000007ad580000, 0x00000007c0000000)
  eden space 33280K, 46% used [0x00000007aab00000,0x00000007ab9f5130,0x00000007acb80000)
  from space 5120K, 0% used [0x00000007ad080000,0x00000007ad080000,0x00000007ad580000)
  to   space 5120K, 0% used [0x00000007acb80000,0x00000007acb80000,0x00000007ad080000)
 ParOldGen       total 87552K, used 0K [0x0000000780000000, 0x0000000785580000, 0x00000007aab00000)
  object space 87552K, 0% used [0x0000000780000000,0x0000000780000000,0x0000000785580000)
 Metaspace       used 5431K, capacity 6640K, committed 6784K, reserved 1056768K
  class space    used 572K, capacity 616K, committed 640K, reserved 1048576K

Card table byte_map: [0x000000011b1c0000,0x000000011b3c1000] byte_map_base: 0x00000001175c0000

Marking Bits: (ParMarkBitMap*) 0x000000010ad80e20
 Begin Bits: [0x000000011b3c1000, 0x000000011c3c1000)
 End Bits:   [0x000000011c3c1000, 0x000000011d3c1000)

Polling page: 0x00000001021a4000

CodeCache: size=245760Kb used=2091Kb max_used=2091Kb free=243668Kb
 bounds [0x000000010be00000, 0x000000010c070000, 0x000000011ae00000]
 total_blobs=707 nmethods=447 adapters=175
 compilation: enabled

Compilation events (10 events):
Event: 1.367 Thread 0x00007fea4200b800  487       1       java.util.HashMap::afterNodeInsertion (1 bytes)
Event: 1.367 Thread 0x00007fea4200b800 nmethod 487 0x000000010bfd5cd0 code [0x000000010bfd5e20, 0x000000010bfd5f30]
Event: 1.367 Thread 0x00007fea4200b800  451       3       java.util.BitSet::recalculateWordsInUse (39 bytes)
Event: 1.367 Thread 0x00007fea4200b800 nmethod 451 0x000000010bfd57d0 code [0x000000010bfd5940, 0x000000010bfd5bd0]
Event: 1.367 Thread 0x00007fea4200b800  492       3       com.android.dx.ssa.RegisterMapper::map (63 bytes)
Event: 1.368 Thread 0x00007fea4200b800 nmethod 492 0x000000010bfdbe10 code [0x000000010bfdc080, 0x000000010bfdd168]
Event: 1.369 Thread 0x00007fea4200b800  488       3       java.util.Arrays::equals (78 bytes)
Event: 1.369 Thread 0x00007fea4200b800 nmethod 488 0x000000010bfdb610 code [0x000000010bfdb7a0, 0x000000010bfdbc88]
Event: 1.369 Thread 0x00007fea4200b800  450       3       java.util.BitSet::clear (70 bytes)
Event: 1.370 Thread 0x00007fea4200b800 nmethod 450 0x000000010c0015d0 code [0x000000010c0017e0, 0x000000010c0021b8]

GC Heap History (0 events):
No events

Deoptimization events (2 events):
Event: 0.497 Thread 0x00007fea42803000 Uncommon trap: reason=unstable_if action=reinterpret pc=0x000000010bf3ba80 method=java.lang.String.indexOf(II)I @ 49
Event: 1.081 Thread 0x00007fea42090000 Uncommon trap: reason=unstable_if action=reinterpret pc=0x000000010bfaaca0 method=java.util.HashMap.getNode(ILjava/lang/Object;)Ljava/util/HashMap$Node; @ 62

Internal exceptions (2 events):
Event: 0.084 Thread 0x00007fea42803000 Exception <a 'java/lang/NoSuchMethodError': Method sun.misc.Unsafe.defineClass(Ljava/lang/String;[BII)Ljava/lang/Class; name or signature does not match> (0x00000007aab12f10) thrown at [/Users/java_re/workspace/8-2-build-macosx-x86_64/jdk8u65/4987/hotspot
Event: 0.084 Thread 0x00007fea42803000 Exception <a 'java/lang/NoSuchMethodError': Method sun.misc.Unsafe.prefetchRead(Ljava/lang/Object;J)V name or signature does not match> (0x00000007aab131f8) thrown at [/Users/java_re/workspace/8-2-build-macosx-x86_64/jdk8u65/4987/hotspot/src/share/vm/prim

Events (10 events):
Event: 1.064 loading class com/android/dx/cf/code/SwitchList done
Event: 1.081 Thread 0x00007fea42090000 Uncommon trap: trap_request=0xffffff65 fr.pc=0x000000010bfaaca0
Event: 1.081 Thread 0x00007fea42090000 DEOPT PACKING pc=0x000000010bfaaca0 sp=0x00007000013d1be0
Event: 1.082 Thread 0x00007fea42090000 DEOPT UNPACKING pc=0x000000010be05229 sp=0x00007000013d1b78 mode 2
Event: 1.134 loading class com/android/dx/ssa/back/FirstFitLocalCombiningAllocator$Multiset
Event: 1.134 loading class com/android/dx/ssa/back/FirstFitLocalCombiningAllocator$Multiset done
Event: 1.165 loading class java/util/DualPivotQuicksort
Event: 1.165 loading class java/util/DualPivotQuicksort done
Event: 1.366 loading class com/android/dx/cf/code/BytecodeArray$ConstantParserVisitor
Event: 1.366 loading class com/android/dx/cf/code/BytecodeArray$ConstantParserVisitor done


Dynamic libraries:
0x000000000811c000 	/System/Library/Frameworks/Cocoa.framework/Versions/A/Cocoa
0x0000000101d7a000 	/System/Library/Frameworks/Security.framework/Versions/A/Security
0x0000000102194000 	/System/Library/Frameworks/ApplicationServices.framework/Versions/A/ApplicationServices
0x000000000811c000 	/usr/lib/libz.1.dylib
0x000000010219d000 	/usr/lib/libSystem.B.dylib
0x000000000811c000 	/usr/lib/libobjc.A.dylib
0x00000001021a9000 	/System/Library/Frameworks/CoreFoundation.framework/Versions/A/CoreFoundation
0x00000001028a1000 	/System/Library/Frameworks/Foundation.framework/Versions/C/Foundation
0x0000000102e87000 	/System/Library/Frameworks/AppKit.framework/Versions/C/AppKit
0x000000000811c000 	/System/Library/Frameworks/CoreData.framework/Versions/A/CoreData
0x000000000811c000 	/System/Library/PrivateFrameworks/RemoteViewServices.framework/Versions/A/RemoteViewServices
0x000000000811c000 	/System/Library/PrivateFrameworks/UIFoundation.framework/Versions/A/UIFoundation
0x000000000811c000 	/usr/lib/libScreenReader.dylib
0x0000000104362000 	/System/Library/Frameworks/Accelerate.framework/Versions/A/Accelerate
0x000000010436c000 	/System/Library/Frameworks/IOSurface.framework/Versions/A/IOSurface
0x000000010437d000 	/System/Library/Frameworks/AudioToolbox.framework/Versions/A/AudioToolbox
0x000000010461a000 	/System/Library/Frameworks/AudioUnit.framework/Versions/A/AudioUnit
0x0000000104626000 	/System/Library/PrivateFrameworks/DataDetectorsCore.framework/Versions/A/DataDetectorsCore
0x000000000811c000 	/System/Library/PrivateFrameworks/DesktopServicesPriv.framework/Versions/A/DesktopServicesPriv
0x00000001046df000 	/System/Library/Frameworks/Carbon.framework/Versions/A/Frameworks/HIToolbox.framework/Versions/A/HIToolbox
0x0000000104b54000 	/System/Library/Frameworks/QuartzCore.framework/Versions/A/QuartzCore
0x0000000104e11000 	/System/Library/Frameworks/Carbon.framework/Versions/A/Frameworks/SpeechRecognition.framework/Versions/A/SpeechRecognition
0x000000000811c000 	/usr/lib/libauto.dylib
0x0000000104e21000 	/usr/lib/libicucore.A.dylib
0x00000001050f5000 	/usr/lib/libxml2.2.dylib
0x000000000811c000 	/System/Library/PrivateFrameworks/CoreUI.framework/Versions/A/CoreUI
0x0000000105220000 	/System/Library/Frameworks/CoreAudio.framework/Versions/A/CoreAudio
0x000000000811c000 	/System/Library/Frameworks/DiskArbitration.framework/Versions/A/DiskArbitration
0x000000000811c000 	/usr/lib/liblangid.dylib
0x0000000105298000 	/System/Library/PrivateFrameworks/MultitouchSupport.framework/Versions/A/MultitouchSupport
0x00000001052d5000 	/System/Library/Frameworks/IOKit.framework/Versions/A/IOKit
0x000000000811c000 	/usr/lib/libDiagnosticMessagesClient.dylib
0x0000000105389000 	/System/Library/Frameworks/CoreServices.framework/Versions/A/CoreServices
0x0000000105391000 	/System/Library/PrivateFrameworks/PerformanceAnalysis.framework/Versions/A/PerformanceAnalysis
0x000000000811c000 	/System/Library/PrivateFrameworks/GenerationalStorage.framework/Versions/A/GenerationalStorage
0x000000010549f000 	/System/Library/Frameworks/OpenGL.framework/Versions/A/OpenGL
0x000000000811c000 	/System/Library/PrivateFrameworks/Sharing.framework/Versions/A/Sharing
0x00000001054bd000 	/System/Library/Frameworks/CoreGraphics.framework/Versions/A/CoreGraphics
0x0000000106861000 	/System/Library/Frameworks/CoreImage.framework/Versions/A/CoreImage
0x0000000106be3000 	/System/Library/Frameworks/CoreText.framework/Versions/A/CoreText
0x0000000106dc5000 	/System/Library/Frameworks/ImageIO.framework/Versions/A/ImageIO
0x000000000811c000 	/System/Library/PrivateFrameworks/Backup.framework/Versions/A/Backup
0x000000000811c000 	/usr/lib/libextension.dylib
0x000000000811c000 	/usr/lib/libarchive.2.dylib
0x000000010702e000 	/System/Library/Frameworks/CFNetwork.framework/Versions/A/CFNetwork
0x00000001074a7000 	/System/Library/Frameworks/SystemConfiguration.framework/Versions/A/SystemConfiguration
0x000000000811c000 	/usr/lib/libCRFSuite.dylib
0x000000000811c000 	/usr/lib/libc++.1.dylib
0x0000000107543000 	/usr/lib/libc++abi.dylib
0x000000000811c000 	/usr/lib/system/libcache.dylib
0x0000000107582000 	/usr/lib/system/libcommonCrypto.dylib
0x000000000811c000 	/usr/lib/system/libcompiler_rt.dylib
0x000000000811c000 	/usr/lib/system/libcopyfile.dylib
0x000000010759c000 	/usr/lib/system/libcorecrypto.dylib
0x000000000811c000 	/usr/lib/system/libdispatch.dylib
0x000000010762c000 	/usr/lib/system/libdyld.dylib
0x000000000811c000 	/usr/lib/system/libkeymgr.dylib
0x0000000107638000 	/usr/lib/system/liblaunch.dylib
0x000000000811c000 	/usr/lib/system/libmacho.dylib
0x000000000811c000 	/usr/lib/system/libquarantine.dylib
0x000000000811c000 	/usr/lib/system/libremovefile.dylib
0x000000000811c000 	/usr/lib/system/libsystem_asl.dylib
0x000000000811c000 	/usr/lib/system/libsystem_blocks.dylib
0x0000000107646000 	/usr/lib/system/libsystem_c.dylib
0x000000000811c000 	/usr/lib/system/libsystem_configuration.dylib
0x000000000811c000 	/usr/lib/system/libsystem_coreservices.dylib
0x000000000811c000 	/usr/lib/system/libsystem_coretls.dylib
0x0000000107703000 	/usr/lib/system/libsystem_dnssd.dylib
0x0000000107718000 	/usr/lib/system/libsystem_info.dylib
0x0000000107759000 	/usr/lib/system/libsystem_kernel.dylib
0x000000000811c000 	/usr/lib/system/libsystem_m.dylib
0x000000000811c000 	/usr/lib/system/libsystem_malloc.dylib
0x0000000107791000 	/usr/lib/system/libsystem_network.dylib
0x000000000811c000 	/usr/lib/system/libsystem_networkextension.dylib
0x000000000811c000 	/usr/lib/system/libsystem_notify.dylib
0x000000000811c000 	/usr/lib/system/libsystem_platform.dylib
0x000000000811c000 	/usr/lib/system/libsystem_pthread.dylib
0x0000000107833000 	/usr/lib/system/libsystem_sandbox.dylib
0x000000000811c000 	/usr/lib/system/libsystem_secinit.dylib
0x000000010783f000 	/usr/lib/system/libsystem_trace.dylib
0x000000000811c000 	/usr/lib/system/libunc.dylib
0x000000000811c000 	/usr/lib/system/libunwind.dylib
0x0000000107865000 	/usr/lib/system/libxpc.dylib
0x000000000811c000 	/usr/lib/libenergytrace.dylib
0x000000000811c000 	/usr/lib/libbsm.0.dylib
0x00000001078af000 	/usr/lib/system/libkxld.dylib
0x000000000811c000 	/usr/lib/libxar.1.dylib
0x000000000811c000 	/usr/lib/libsqlite3.dylib
0x000000000811c000 	/usr/lib/libpam.2.dylib
0x000000000811c000 	/usr/lib/libOpenScriptingUtil.dylib
0x000000000811c000 	/usr/lib/libbz2.1.0.dylib
0x000000000811c000 	/usr/lib/liblzma.5.dylib
0x00000001078c2000 	/System/Library/Frameworks/CoreServices.framework/Versions/A/Frameworks/FSEvents.framework/Versions/A/FSEvents
0x00000001078d7000 	/System/Library/Frameworks/CoreServices.framework/Versions/A/Frameworks/CarbonCore.framework/Versions/A/CarbonCore
0x000000010743d000 	/System/Library/Frameworks/CoreServices.framework/Versions/A/Frameworks/Metadata.framework/Versions/A/Metadata
0x0000000107d51000 	/System/Library/Frameworks/CoreServices.framework/Versions/A/Frameworks/OSServices.framework/Versions/A/OSServices
0x0000000107df9000 	/System/Library/Frameworks/CoreServices.framework/Versions/A/Frameworks/SearchKit.framework/Versions/A/SearchKit
0x0000000107eb1000 	/System/Library/Frameworks/CoreServices.framework/Versions/A/Frameworks/AE.framework/Versions/A/AE
0x0000000107f36000 	/System/Library/Frameworks/CoreServices.framework/Versions/A/Frameworks/LaunchServices.framework/Versions/A/LaunchServices
0x0000000108117000 	/System/Library/Frameworks/CoreServices.framework/Versions/A/Frameworks/DictionaryServices.framework/Versions/A/DictionaryServices
0x0000000108175000 	/System/Library/Frameworks/CoreServices.framework/Versions/A/Frameworks/SharedFileList.framework/Versions/A/SharedFileList
0x000000000811c000 	/System/Library/Frameworks/NetFS.framework/Versions/A/NetFS
0x000000000811c000 	/System/Library/PrivateFrameworks/NetAuth.framework/Versions/A/NetAuth
0x000000000811c000 	/System/Library/PrivateFrameworks/login.framework/Versions/A/Frameworks/loginsupport.framework/Versions/A/loginsupport
0x00000001081ee000 	/System/Library/PrivateFrameworks/TCC.framework/Versions/A/TCC
0x000000000811c000 	/usr/lib/libmecabra.dylib
0x0000000108200000 	/System/Library/Frameworks/ApplicationServices.framework/Versions/A/Frameworks/ATS.framework/Versions/A/ATS
0x000000010829e000 	/System/Library/Frameworks/ApplicationServices.framework/Versions/A/Frameworks/ColorSync.framework/Versions/A/ColorSync
0x0000000108381000 	/System/Library/Frameworks/ApplicationServices.framework/Versions/A/Frameworks/HIServices.framework/Versions/A/HIServices
0x0000000108405000 	/System/Library/Frameworks/ApplicationServices.framework/Versions/A/Frameworks/LangAnalysis.framework/Versions/A/LangAnalysis
0x000000000e329000 	/System/Library/Frameworks/ApplicationServices.framework/Versions/A/Frameworks/PrintCore.framework/Versions/A/PrintCore
0x00000001084aa000 	/System/Library/Frameworks/ApplicationServices.framework/Versions/A/Frameworks/QD.framework/Versions/A/QD
0x0000000108507000 	/System/Library/Frameworks/ApplicationServices.framework/Versions/A/Frameworks/SpeechSynthesis.framework/Versions/A/SpeechSynthesis
0x000000010852a000 	/System/Library/Frameworks/Metal.framework/Versions/A/Metal
0x00000001085f4000 	/System/Library/Frameworks/Accelerate.framework/Versions/A/Frameworks/vImage.framework/Versions/A/vImage
0x0000000108b12000 	/System/Library/Frameworks/Accelerate.framework/Versions/A/Frameworks/vecLib.framework/Versions/A/vecLib
0x0000000108b1b000 	/System/Library/Frameworks/Accelerate.framework/Versions/A/Frameworks/vecLib.framework/Versions/A/libvDSP.dylib
0x0000000108c41000 	/System/Library/Frameworks/Accelerate.framework/Versions/A/Frameworks/vecLib.framework/Versions/A/libvMisc.dylib
0x0000000108d0b000 	/System/Library/Frameworks/Accelerate.framework/Versions/A/Frameworks/vecLib.framework/Versions/A/libLAPACK.dylib
0x000000010916b000 	/System/Library/Frameworks/Accelerate.framework/Versions/A/Frameworks/vecLib.framework/Versions/A/libBLAS.dylib
0x0000000109355000 	/System/Library/Frameworks/Accelerate.framework/Versions/A/Frameworks/vecLib.framework/Versions/A/libLinearAlgebra.dylib
0x000000010937b000 	/System/Library/Frameworks/Accelerate.framework/Versions/A/Frameworks/vecLib.framework/Versions/A/libSparseBLAS.dylib
0x0000000109393000 	/System/Library/PrivateFrameworks/GPUCompiler.framework/libmetal_timestamp.dylib
0x000000010939a000 	/System/Library/Frameworks/OpenGL.framework/Versions/A/Libraries/libCoreFSCache.dylib
0x00000001093a5000 	/System/Library/PrivateFrameworks/IOAccelerator.framework/Versions/A/IOAccelerator
0x00000001093b7000 	/System/Library/Frameworks/ApplicationServices.framework/Versions/A/Frameworks/ATS.framework/Versions/A/Resources/libFontParser.dylib
0x000000010953b000 	/System/Library/Frameworks/ApplicationServices.framework/Versions/A/Frameworks/ATS.framework/Versions/A/Resources/libFontRegistry.dylib
0x00000001095a7000 	/System/Library/PrivateFrameworks/AppleVPA.framework/Versions/A/AppleVPA
0x00000001095d0000 	/System/Library/PrivateFrameworks/AppleJPEG.framework/Versions/A/AppleJPEG
0x00000001096c2000 	/System/Library/Frameworks/ImageIO.framework/Versions/A/Resources/libJPEG.dylib
0x00000001096f3000 	/System/Library/Frameworks/ImageIO.framework/Versions/A/Resources/libTIFF.dylib
0x0000000109762000 	/System/Library/Frameworks/ImageIO.framework/Versions/A/Resources/libPng.dylib
0x0000000109799000 	/System/Library/Frameworks/ImageIO.framework/Versions/A/Resources/libGIF.dylib
0x00000001097a9000 	/System/Library/Frameworks/ImageIO.framework/Versions/A/Resources/libJP2.dylib
0x00000001098c5000 	/System/Library/Frameworks/ImageIO.framework/Versions/A/Resources/libRadiance.dylib
0x000000000811c000 	/System/Library/Frameworks/CoreVideo.framework/Versions/A/CoreVideo
0x00000001098cc000 	/System/Library/Frameworks/OpenGL.framework/Versions/A/Libraries/libGLU.dylib
0x000000010991f000 	/System/Library/Frameworks/OpenGL.framework/Versions/A/Libraries/libGFXShared.dylib
0x0000000109934000 	/System/Library/Frameworks/OpenGL.framework/Versions/A/Libraries/libGL.dylib
0x000000010995a000 	/System/Library/Frameworks/OpenGL.framework/Versions/A/Libraries/libGLImage.dylib
0x00000001099a4000 	/System/Library/Frameworks/OpenGL.framework/Versions/A/Libraries/libCVMSPluginSupport.dylib
0x00000001099ae000 	/System/Library/Frameworks/OpenGL.framework/Versions/A/Libraries/libCoreVMClient.dylib
0x000000000811c000 	/usr/lib/libcompression.dylib
0x00000001099be000 	/usr/lib/libcups.2.dylib
0x000000000811c000 	/System/Library/Frameworks/Kerberos.framework/Versions/A/Kerberos
0x000000000811c000 	/System/Library/Frameworks/GSS.framework/Versions/A/GSS
0x000000000811c000 	/usr/lib/libresolv.9.dylib
0x000000000811c000 	/usr/lib/libiconv.2.dylib
0x000000000811c000 	/System/Library/PrivateFrameworks/Heimdal.framework/Versions/A/Heimdal
0x000000000811c000 	/usr/lib/libheimdal-asn1.dylib
0x000000000811c000 	/System/Library/Frameworks/OpenDirectory.framework/Versions/A/OpenDirectory
0x000000000811c000 	/System/Library/PrivateFrameworks/CommonAuth.framework/Versions/A/CommonAuth
0x000000000811c000 	/System/Library/Frameworks/OpenDirectory.framework/Versions/A/Frameworks/CFOpenDirectory.framework/Versions/A/CFOpenDirectory
0x0000000109a27000 	/System/Library/Frameworks/SecurityFoundation.framework/Versions/A/SecurityFoundation
0x000000000811c000 	/System/Library/PrivateFrameworks/LanguageModeling.framework/Versions/A/LanguageModeling
0x000000000811c000 	/usr/lib/libmarisa.dylib
0x000000000811c000 	/usr/lib/libChineseTokenizer.dylib
0x000000000811c000 	/usr/lib/libcmph.dylib
0x0000000109adb000 	/System/Library/Frameworks/ServiceManagement.framework/Versions/A/ServiceManagement
0x0000000109ae4000 	/usr/lib/libxslt.1.dylib
0x0000000109b22000 	/System/Library/Frameworks/Carbon.framework/Versions/A/Frameworks/Ink.framework/Versions/A/Ink
0x0000000109bf1000 	/usr/lib/libFosl_dynamic.dylib
0x000000000811c000 	/System/Library/PrivateFrameworks/FaceCore.framework/Versions/A/FaceCore
0x0000000109fa5000 	/System/Library/Frameworks/OpenCL.framework/Versions/A/OpenCL
0x000000010a00d000 	/System/Library/PrivateFrameworks/CrashReporterSupport.framework/Versions/A/CrashReporterSupport
0x000000000811c000 	/System/Library/PrivateFrameworks/IconServices.framework/Versions/A/IconServices
0x000000010a02c000 	/System/Library/PrivateFrameworks/Apple80211.framework/Versions/A/Apple80211
0x000000000811c000 	/System/Library/Frameworks/CoreWLAN.framework/Versions/A/CoreWLAN
0x000000010a05e000 	/System/Library/Frameworks/IOBluetooth.framework/Versions/A/IOBluetooth
0x000000000811c000 	/System/Library/PrivateFrameworks/CoreWiFi.framework/Versions/A/CoreWiFi
0x000000000811c000 	/System/Library/Frameworks/CoreBluetooth.framework/Versions/A/CoreBluetooth
0x000000000811c000 	/System/Library/PrivateFrameworks/ChunkingLibrary.framework/Versions/A/ChunkingLibrary
0x000000000811c000 	/System/Library/PrivateFrameworks/DebugSymbols.framework/Versions/A/DebugSymbols
0x000000010a187000 	/System/Library/PrivateFrameworks/CoreSymbolication.framework/Versions/A/CoreSymbolication
0x000000000811c000 	/System/Library/PrivateFrameworks/Symbolication.framework/Versions/A/Symbolication
0x000000000811c000 	/System/Library/PrivateFrameworks/SpeechRecognitionCore.framework/Versions/A/SpeechRecognitionCore
0x000000010a4a2000 	/Library/Java/JavaVirtualMachines/jdk1.8.0_65.jdk/Contents/Home/jre/lib/server/libjvm.dylib
0x000000000811c000 	/usr/lib/libstdc++.6.dylib
0x000000010b42b000 	/Library/Java/JavaVirtualMachines/jdk1.8.0_65.jdk/Contents/Home/jre/lib/libverify.dylib
0x000000010b439000 	/Library/Java/JavaVirtualMachines/jdk1.8.0_65.jdk/Contents/Home/jre/lib/libjava.dylib
0x000000010b476000 	/Library/Java/JavaVirtualMachines/jdk1.8.0_65.jdk/Contents/Home/jre/lib/libzip.dylib
0x000000011f08f000 	/System/Library/Frameworks/JavaVM.framework/Frameworks/JavaRuntimeSupport.framework/JavaRuntimeSupport
0x000000010b5e9000 	/System/Library/Frameworks/JavaVM.framework/Versions/A/Frameworks/JavaNativeFoundation.framework/Versions/A/JavaNativeFoundation
0x000000011f0aa000 	/System/Library/Frameworks/JavaVM.framework/Versions/A/JavaVM
0x0000000102e83000 	/System/Library/Frameworks/Carbon.framework/Versions/A/Carbon
0x000000011f0b7000 	/System/Library/PrivateFrameworks/JavaLaunching.framework/Versions/A/JavaLaunching
0x000000011f0c3000 	/System/Library/Frameworks/Carbon.framework/Versions/A/Frameworks/CommonPanels.framework/Versions/A/CommonPanels
0x000000011f0cf000 	/System/Library/Frameworks/Carbon.framework/Versions/A/Frameworks/Help.framework/Versions/A/Help
0x000000011f0d9000 	/System/Library/Frameworks/Carbon.framework/Versions/A/Frameworks/ImageCapture.framework/Versions/A/ImageCapture
0x000000011f0ee000 	/System/Library/Frameworks/Carbon.framework/Versions/A/Frameworks/OpenScripting.framework/Versions/A/OpenScripting
0x000000009f85b000 	/System/Library/Frameworks/Carbon.framework/Versions/A/Frameworks/Print.framework/Versions/A/Print
0x000000011f11c000 	/System/Library/Frameworks/Carbon.framework/Versions/A/Frameworks/SecurityHI.framework/Versions/A/SecurityHI

VM Arguments:
jvm_args: -Djava.awt.headless=true -Xmx1024M -Dfile.encoding=UTF-8 -Duser.country=IT -Duser.language=it -Duser.variant 
java_command: com.android.dx.command.Main --dex --force-jumbo --num-threads=4 --multi-dex --output /Users/marco/Documents/Workspaces/Android/Projects/Test/OpenCV/OpenCVDemo/OpenCVDemo/app/build/intermediates/transforms/dex/debug/folders/1000/5/slice_3 /Users/marco/Documents/Workspaces/Android/Projects/Test/OpenCV/OpenCVDemo/OpenCVDemo/app/build/intermediates/transforms/instantRunSlicer/debug/folders/1/5/slice_3
java_class_path (initial): /Users/marco/Library/Android/sdk/build-tools/24.0.0/lib/dx.jar
Launcher Type: SUN_STANDARD

Environment Variables:
PATH=/usr/bin:/bin:/usr/sbin:/sbin
SHELL=/bin/bash

Signal Handlers:
SIGSEGV: [libjvm.dylib+0x5a6d31], sa_mask[0]=11111111011111110111111111111111, sa_flags=SA_ONSTACK|SA_RESTART|SA_SIGINFO
SIGBUS: [libjvm.dylib+0x5a6d31], sa_mask[0]=11111111011111110111111111111111, sa_flags=SA_RESTART|SA_SIGINFO
SIGFPE: [libjvm.dylib+0x480a40], sa_mask[0]=11111111011111110111111111111111, sa_flags=SA_RESTART|SA_SIGINFO
SIGPIPE: [libjvm.dylib+0x480a40], sa_mask[0]=11111111011111110111111111111111, sa_flags=SA_RESTART|SA_SIGINFO
SIGXFSZ: [libjvm.dylib+0x480a40], sa_mask[0]=11111111011111110111111111111111, sa_flags=SA_RESTART|SA_SIGINFO
SIGILL: [libjvm.dylib+0x480a40], sa_mask[0]=11111111011111110111111111111111, sa_flags=SA_RESTART|SA_SIGINFO
SIGUSR1: SIG_DFL, sa_mask[0]=00000000000000000000000000000000, sa_flags=none
SIGUSR2: [libjvm.dylib+0x48055e], sa_mask[0]=00100000000000000000000000000000, sa_flags=SA_RESTART|SA_SIGINFO
SIGHUP: [libjvm.dylib+0x47eb35], sa_mask[0]=11111111011111110111111111111111, sa_flags=SA_RESTART|SA_SIGINFO
SIGINT: [libjvm.dylib+0x47eb35], sa_mask[0]=11111111011111110111111111111111, sa_flags=SA_RESTART|SA_SIGINFO
SIGTERM: [libjvm.dylib+0x47eb35], sa_mask[0]=11111111011111110111111111111111, sa_flags=SA_RESTART|SA_SIGINFO
SIGQUIT: [libjvm.dylib+0x47eb35], sa_mask[0]=11111111011111110111111111111111, sa_flags=SA_RESTART|SA_SIGINFO


---------------  S Y S T E M  ---------------

OS:Bsduname:Darwin 15.6.0 Darwin Kernel Version 15.6.0: Thu Jun 23 18:25:34 PDT 2016; root:xnu-3248.60.10~1/RELEASE_X86_64 x86_64
rlimit: STACK 8192k, CORE 0k, NPROC 709, NOFILE 10240, AS infinity
load average:11.58 4.51 3.07

CPU:total 4 (2 cores per cpu, 2 threads per core) family 6 model 37 stepping 5, cmov, cx8, fxsr, mmx, sse, sse2, sse3, ssse3, sse4.1, sse4.2, popcnt, aes, clmul, ht, tsc, tscinvbit

Memory: 4k page, physical 8388608k(430552k free)

/proc/meminfo:


vm_info: Java HotSpot(TM) 64-Bit Server VM (25.65-b01) for bsd-amd64 JRE (1.8.0_65-b17), built on Oct  6 2015 15:36:46 by "java_re" with gcc 4.2.1 (Based on Apple Inc. build 5658) (LLVM build 2336.11.00)

time: Sat Jul 30 23:14:39 2016
elapsed time: 1 seconds (0d 0h 0m 1s)

